[debug] [2021-01-05T20:10:31.122Z] ----------------------------------------------------------------------
[debug] [2021-01-05T20:10:31.124Z] Command:       /usr/local/bin/firebase /Users/austinbakker/.cache/firebase/tools/lib/node_modules/firebase-tools/lib/bin/firebase emulators:start
[debug] [2021-01-05T20:10:31.124Z] CLI Version:   9.1.0
[debug] [2021-01-05T20:10:31.124Z] Platform:      darwin
[debug] [2021-01-05T20:10:31.124Z] Node Version:  v12.18.1
[debug] [2021-01-05T20:10:31.125Z] Time:          Tue Jan 05 2021 21:10:31 GMT+0100 (Central European Standard Time)
[debug] [2021-01-05T20:10:31.125Z] ----------------------------------------------------------------------
[debug] [2021-01-05T20:10:31.125Z] 
[debug] [2021-01-05T20:10:31.131Z] > command requires scopes: ["email","openid","https://www.googleapis.com/auth/cloudplatformprojects.readonly","https://www.googleapis.com/auth/firebase","https://www.googleapis.com/auth/cloud-platform"]
[debug] [2021-01-05T20:10:31.131Z] > authorizing via signed-in user
[info] i  emulators: Starting emulators: auth, functions, firestore, hosting {"metadata":{"emulator":{"name":"hub"},"message":"Starting emulators: auth, functions, firestore, hosting"}}
[debug] [2021-01-05T20:10:31.143Z] [hub] writing locator at /var/folders/zj/k81n5dk90pq1z690q0489p4c0000gn/T/hub-golden-adventure.json
[warn] ⚠  functions: The following emulators are not running, calls to these services from the Functions emulator will affect production: database, pubsub {"metadata":{"emulator":{"name":"functions"},"message":"The following emulators are not running, calls to these services from the Functions emulator will affect production: \u001b[1mdatabase, pubsub\u001b[22m"}}
[info] ✔  functions: Using node@12 from host. {"metadata":{"emulator":{"name":"functions"},"message":"Using node@12 from host."}}
[debug] [2021-01-05T20:10:31.160Z] defaultcredentials: writing to file /Users/austinbakker/.config/firebase/austin_austinbakker_com_application_default_credentials.json
[debug] [2021-01-05T20:10:31.162Z] Setting GAC to /Users/austinbakker/.config/firebase/austin_austinbakker_com_application_default_credentials.json {"metadata":{"emulator":{"name":"functions"},"message":"Setting GAC to /Users/austinbakker/.config/firebase/austin_austinbakker_com_application_default_credentials.json"}}
[debug] [2021-01-05T20:10:31.168Z] Ignoring unsupported arg: projectId {"metadata":{"emulator":{"name":"firestore"},"message":"Ignoring unsupported arg: projectId"}}
[debug] [2021-01-05T20:10:31.168Z] Ignoring unsupported arg: auto_download {"metadata":{"emulator":{"name":"firestore"},"message":"Ignoring unsupported arg: auto_download"}}
[debug] [2021-01-05T20:10:31.168Z] Starting Firestore Emulator with command {"binary":"java","args":["-Dgoogle.cloud_firestore.debug_log_level=FINE","-Duser.language=en","-jar","/Users/austinbakker/.cache/firebase/emulators/cloud-firestore-emulator-v1.11.11.jar","--host","localhost","--port",8080,"--rules","/Users/austinbakker/Documents/GitHub/gold-adventure/firestore.rules","--functions_emulator","localhost:5001"],"optionalArgs":["port","webchannel_port","host","rules","functions_emulator","seed_from_export"],"joinArgs":false} {"metadata":{"emulator":{"name":"firestore"},"message":"Starting Firestore Emulator with command {\"binary\":\"java\",\"args\":[\"-Dgoogle.cloud_firestore.debug_log_level=FINE\",\"-Duser.language=en\",\"-jar\",\"/Users/austinbakker/.cache/firebase/emulators/cloud-firestore-emulator-v1.11.11.jar\",\"--host\",\"localhost\",\"--port\",8080,\"--rules\",\"/Users/austinbakker/Documents/GitHub/gold-adventure/firestore.rules\",\"--functions_emulator\",\"localhost:5001\"],\"optionalArgs\":[\"port\",\"webchannel_port\",\"host\",\"rules\",\"functions_emulator\",\"seed_from_export\"],\"joinArgs\":false}"}}
[info] i  firestore: Firestore Emulator logging to firestore-debug.log {"metadata":{"emulator":{"name":"firestore"},"message":"Firestore Emulator logging to \u001b[1mfirestore-debug.log\u001b[22m"}}
[debug] [2021-01-05T20:10:37.219Z] API endpoint: http://localhost {"metadata":{"emulator":{"name":"firestore"},"message":"API endpoint: http://localhost"}}
[debug] [2021-01-05T20:10:37.219Z] :8080
If you are using a library that supports the FIRESTORE_EMULATOR_HOST environment variable, run:

   export FIRESTORE_EMULATOR_HOST=localhost:8080

Dev App Server is now running.

 {"metadata":{"emulator":{"name":"firestore"},"message":":8080\nIf you are using a library that supports the FIRESTORE_EMULATOR_HOST environment variable, run:\n\n   export FIRESTORE_EMULATOR_HOST=localhost:8080\n\nDev App Server is now running.\n\n"}}
[debug] [2021-01-05T20:10:39.559Z] >>> HTTP REQUEST GET https://firebase.googleapis.com/v1beta1/projects/golden-adventure/webApps/-/config  
 
[debug] [2021-01-05T20:10:40.568Z] <<< HTTP RESPONSE 200 {"content-type":"application/json; charset=UTF-8","vary":"X-Origin, Referer, Origin,Accept-Encoding","date":"Tue, 05 Jan 2021 20:10:40 GMT","server":"ESF","cache-control":"private","x-xss-protection":"0","x-frame-options":"SAMEORIGIN","x-content-type-options":"nosniff","alt-svc":"h3-29=\":443\"; ma=2592000,h3-T051=\":443\"; ma=2592000,h3-Q050=\":443\"; ma=2592000,h3-Q046=\":443\"; ma=2592000,h3-Q043=\":443\"; ma=2592000,quic=\":443\"; ma=2592000; v=\"46,43\"","accept-ranges":"none","transfer-encoding":"chunked"}
[info] i  hosting: Serving hosting files from: public {"metadata":{"emulator":{"name":"hosting"},"message":"Serving hosting files from: \u001b[1mpublic\u001b[22m"}}
[info] ✔  hosting: Local server: http://localhost:5000 {"metadata":{"emulator":{"name":"hosting"},"message":"Local server: \u001b[4m\u001b[1mhttp://localhost:5000\u001b[22m\u001b[24m"}}
[debug] [2021-01-05T20:10:40.617Z] Ignoring unsupported arg: auto_download {"metadata":{"emulator":{"name":"ui"},"message":"Ignoring unsupported arg: auto_download"}}
[debug] [2021-01-05T20:10:40.617Z] Ignoring unsupported arg: port {"metadata":{"emulator":{"name":"ui"},"message":"Ignoring unsupported arg: port"}}
[debug] [2021-01-05T20:10:40.617Z] Starting Emulator UI with command {"binary":"node","args":["/Users/austinbakker/.cache/firebase/emulators/ui-v1.4.1/server.bundle.js"],"optionalArgs":[],"joinArgs":false} {"metadata":{"emulator":{"name":"ui"},"message":"Starting Emulator UI with command {\"binary\":\"node\",\"args\":[\"/Users/austinbakker/.cache/firebase/emulators/ui-v1.4.1/server.bundle.js\"],\"optionalArgs\":[],\"joinArgs\":false}"}}
[info] i  ui: Emulator UI logging to ui-debug.log {"metadata":{"emulator":{"name":"ui"},"message":"Emulator UI logging to \u001b[1mui-debug.log\u001b[22m"}}
[debug] [2021-01-05T20:10:40.812Z] Web / API server started at http://localhost:4000
 {"metadata":{"emulator":{"name":"ui"},"message":"Web / API server started at http://localhost:4000\n"}}
[info] i  functions: Watching "/Users/austinbakker/Documents/GitHub/gold-adventure/functions" for Cloud Functions... {"metadata":{"emulator":{"name":"functions"},"message":"Watching \"/Users/austinbakker/Documents/GitHub/gold-adventure/functions\" for Cloud Functions..."}}
[debug] [2021-01-05T20:10:40.889Z] [worker-pool] addWorker(~diagnostic~) {"metadata":{"emulator":{"name":"functions"},"message":"[worker-pool] addWorker(~diagnostic~)"}}
[debug] [2021-01-05T20:10:40.889Z] [worker-pool] Adding worker with key ~diagnostic~, total=1 {"metadata":{"emulator":{"name":"functions"},"message":"[worker-pool] Adding worker with key ~diagnostic~, total=1"}}
[debug] [2021-01-05T20:10:40.889Z] [worker-pool] submitWork(triggerId=) {"metadata":{"emulator":{"name":"functions"},"message":"[worker-pool] submitWork(triggerId=)"}}
[debug] [2021-01-05T20:10:40.890Z] [worker-~diagnostic~-f70ea24e-8ad3-451a-a12c-39b4032848fd]: Assigning socketPath: /var/folders/zj/k81n5dk90pq1z690q0489p4c0000gn/T/fire_emu_9266.sock {"metadata":{"emulator":{"name":"functions"},"message":"[worker-~diagnostic~-f70ea24e-8ad3-451a-a12c-39b4032848fd]: Assigning socketPath: /var/folders/zj/k81n5dk90pq1z690q0489p4c0000gn/T/fire_emu_9266.sock"}}
[debug] [2021-01-05T20:10:40.890Z] [worker-~diagnostic~-f70ea24e-8ad3-451a-a12c-39b4032848fd]: BUSY {"metadata":{"emulator":{"name":"functions"},"message":"[worker-~diagnostic~-f70ea24e-8ad3-451a-a12c-39b4032848fd]: BUSY"}}
[debug] [2021-01-05T20:10:41.132Z] [runtime-status] [9266] Functions runtime initialized. {"cwd":"/Users/austinbakker/Documents/GitHub/gold-adventure/functions","node_version":"12.18.1"} {"metadata":{"emulator":{"name":"functions"},"message":"[runtime-status] [9266] Functions runtime initialized. {\"cwd\":\"/Users/austinbakker/Documents/GitHub/gold-adventure/functions\",\"node_version\":\"12.18.1\"}"}}
[debug] [2021-01-05T20:10:41.133Z] [runtime-status] [9266] Disabled runtime features: undefined {"metadata":{"emulator":{"name":"functions"},"message":"[runtime-status] [9266] Disabled runtime features: undefined"}}
[debug] [2021-01-05T20:10:41.136Z] [runtime-status] [9266] Resolved module firebase-admin {"declared":true,"installed":true,"version":"9.4.2","resolution":"/Users/austinbakker/Documents/GitHub/gold-adventure/functions/node_modules/firebase-admin/lib/index.js"} {"metadata":{"emulator":{"name":"functions"},"message":"[runtime-status] [9266] Resolved module firebase-admin {\"declared\":true,\"installed\":true,\"version\":\"9.4.2\",\"resolution\":\"/Users/austinbakker/Documents/GitHub/gold-adventure/functions/node_modules/firebase-admin/lib/index.js\"}"}}
[debug] [2021-01-05T20:10:41.137Z] [runtime-status] [9266] Resolved module firebase-functions {"declared":true,"installed":true,"version":"3.13.0","resolution":"/Users/austinbakker/Documents/GitHub/gold-adventure/functions/node_modules/firebase-functions/lib/index.js"} {"metadata":{"emulator":{"name":"functions"},"message":"[runtime-status] [9266] Resolved module firebase-functions {\"declared\":true,\"installed\":true,\"version\":\"3.13.0\",\"resolution\":\"/Users/austinbakker/Documents/GitHub/gold-adventure/functions/node_modules/firebase-functions/lib/index.js\"}"}}
[debug] [2021-01-05T20:10:41.138Z] [runtime-status] [9266] Resolved module firebase-functions {"declared":true,"installed":true,"version":"3.13.0","resolution":"/Users/austinbakker/Documents/GitHub/gold-adventure/functions/node_modules/firebase-functions/lib/index.js"} {"metadata":{"emulator":{"name":"functions"},"message":"[runtime-status] [9266] Resolved module firebase-functions {\"declared\":true,\"installed\":true,\"version\":\"3.13.0\",\"resolution\":\"/Users/austinbakker/Documents/GitHub/gold-adventure/functions/node_modules/firebase-functions/lib/index.js\"}"}}
[debug] [2021-01-05T20:10:41.139Z] [runtime-status] [9266] Outgoing network have been stubbed. [{"name":"http","status":"mocked"},{"name":"http","status":"mocked"},{"name":"https","status":"mocked"},{"name":"https","status":"mocked"},{"name":"net","status":"mocked"}] {"metadata":{"emulator":{"name":"functions"},"message":"[runtime-status] [9266] Outgoing network have been stubbed. [{\"name\":\"http\",\"status\":\"mocked\"},{\"name\":\"http\",\"status\":\"mocked\"},{\"name\":\"https\",\"status\":\"mocked\"},{\"name\":\"https\",\"status\":\"mocked\"},{\"name\":\"net\",\"status\":\"mocked\"}]"}}
[debug] [2021-01-05T20:10:41.140Z] [runtime-status] [9266] Resolved module firebase-functions {"declared":true,"installed":true,"version":"3.13.0","resolution":"/Users/austinbakker/Documents/GitHub/gold-adventure/functions/node_modules/firebase-functions/lib/index.js"} {"metadata":{"emulator":{"name":"functions"},"message":"[runtime-status] [9266] Resolved module firebase-functions {\"declared\":true,\"installed\":true,\"version\":\"3.13.0\",\"resolution\":\"/Users/austinbakker/Documents/GitHub/gold-adventure/functions/node_modules/firebase-functions/lib/index.js\"}"}}
[debug] [2021-01-05T20:10:41.192Z] [runtime-status] [9266] Checked functions.config() {"config":{}} {"metadata":{"emulator":{"name":"functions"},"message":"[runtime-status] [9266] Checked functions.config() {\"config\":{}}"}}
[debug] [2021-01-05T20:10:41.192Z] [runtime-status] [9266] firebase-functions has been stubbed. {"functionsResolution":{"declared":true,"installed":true,"version":"3.13.0","resolution":"/Users/austinbakker/Documents/GitHub/gold-adventure/functions/node_modules/firebase-functions/lib/index.js"}} {"metadata":{"emulator":{"name":"functions"},"message":"[runtime-status] [9266] firebase-functions has been stubbed. {\"functionsResolution\":{\"declared\":true,\"installed\":true,\"version\":\"3.13.0\",\"resolution\":\"/Users/austinbakker/Documents/GitHub/gold-adventure/functions/node_modules/firebase-functions/lib/index.js\"}}"}}
[debug] [2021-01-05T20:10:41.192Z] [runtime-status] [9266] Resolved module firebase-functions {"declared":true,"installed":true,"version":"3.13.0","resolution":"/Users/austinbakker/Documents/GitHub/gold-adventure/functions/node_modules/firebase-functions/lib/index.js"} {"metadata":{"emulator":{"name":"functions"},"message":"[runtime-status] [9266] Resolved module firebase-functions {\"declared\":true,\"installed\":true,\"version\":\"3.13.0\",\"resolution\":\"/Users/austinbakker/Documents/GitHub/gold-adventure/functions/node_modules/firebase-functions/lib/index.js\"}"}}
[debug] [2021-01-05T20:10:41.193Z] [runtime-status] [9266] Resolved module firebase-admin {"declared":true,"installed":true,"version":"9.4.2","resolution":"/Users/austinbakker/Documents/GitHub/gold-adventure/functions/node_modules/firebase-admin/lib/index.js"} {"metadata":{"emulator":{"name":"functions"},"message":"[runtime-status] [9266] Resolved module firebase-admin {\"declared\":true,\"installed\":true,\"version\":\"9.4.2\",\"resolution\":\"/Users/austinbakker/Documents/GitHub/gold-adventure/functions/node_modules/firebase-admin/lib/index.js\"}"}}
[debug] [2021-01-05T20:10:41.193Z] [runtime-status] [9266] Resolved module firebase-functions {"declared":true,"installed":true,"version":"3.13.0","resolution":"/Users/austinbakker/Documents/GitHub/gold-adventure/functions/node_modules/firebase-functions/lib/index.js"} {"metadata":{"emulator":{"name":"functions"},"message":"[runtime-status] [9266] Resolved module firebase-functions {\"declared\":true,\"installed\":true,\"version\":\"3.13.0\",\"resolution\":\"/Users/austinbakker/Documents/GitHub/gold-adventure/functions/node_modules/firebase-functions/lib/index.js\"}"}}
[debug] [2021-01-05T20:10:41.193Z] [runtime-status] [9266] firebase-admin has been stubbed. {"adminResolution":{"declared":true,"installed":true,"version":"9.4.2","resolution":"/Users/austinbakker/Documents/GitHub/gold-adventure/functions/node_modules/firebase-admin/lib/index.js"}} {"metadata":{"emulator":{"name":"functions"},"message":"[runtime-status] [9266] firebase-admin has been stubbed. {\"adminResolution\":{\"declared\":true,\"installed\":true,\"version\":\"9.4.2\",\"resolution\":\"/Users/austinbakker/Documents/GitHub/gold-adventure/functions/node_modules/firebase-admin/lib/index.js\"}}"}}
[info] 
┌─────────────────────────────────────────────────────────────┐
│ ✔  All emulators ready! It is now safe to connect your app. │
│ i  View Emulator UI at http://localhost:4000                │
└─────────────────────────────────────────────────────────────┘

┌────────────────┬────────────────┬─────────────────────────────────┐
│ Emulator       │ Host:Port      │ View in Emulator UI             │
├────────────────┼────────────────┼─────────────────────────────────┤
│ Authentication │ localhost:9099 │ http://localhost:4000/auth      │
├────────────────┼────────────────┼─────────────────────────────────┤
│ Functions      │ localhost:5001 │ http://localhost:4000/functions │
├────────────────┼────────────────┼─────────────────────────────────┤
│ Firestore      │ localhost:8080 │ http://localhost:4000/firestore │
├────────────────┼────────────────┼─────────────────────────────────┤
│ Hosting        │ localhost:5000 │ n/a                             │
└────────────────┴────────────────┴─────────────────────────────────┘
  Emulator Hub running at localhost:4400
  Other reserved ports: 4500

Issues? Report them at https://github.com/firebase/firebase-tools/issues and attach the *-debug.log files.
 
[debug] [2021-01-05T20:10:41.200Z] [worker-~diagnostic~-f70ea24e-8ad3-451a-a12c-39b4032848fd]: IDLE {"metadata":{"emulator":{"name":"functions"},"message":"[worker-~diagnostic~-f70ea24e-8ad3-451a-a12c-39b4032848fd]: IDLE"}}
